[debug] [2025-09-15T12:17:09.322Z] ----------------------------------------------------------------------
[debug] [2025-09-15T12:17:09.326Z] Command:       C:\Program Files\nodejs\node.exe C:\Users\KGAN\AppData\Roaming\npm\node_modules\firebase-tools\lib\bin\firebase.js init hosting
[debug] [2025-09-15T12:17:09.326Z] CLI Version:   14.7.0
[debug] [2025-09-15T12:17:09.326Z] Platform:      win32
[debug] [2025-09-15T12:17:09.327Z] Node Version:  v22.14.0
[debug] [2025-09-15T12:17:09.327Z] Time:          Mon Sep 15 2025 20:17:09 GMT+0800 (Philippine Standard Time)
[debug] [2025-09-15T12:17:09.327Z] ----------------------------------------------------------------------
[debug] 
[debug] [2025-09-15T12:17:09.529Z] > command requires scopes: ["email","openid","https://www.googleapis.com/auth/cloudplatformprojects.readonly","https://www.googleapis.com/auth/firebase","https://www.googleapis.com/auth/cloud-platform"]
[debug] [2025-09-15T12:17:09.530Z] > authorizing via signed-in user (kent.gabriel.alba.nuite@gmail.com)
[info] 
     ######## #### ########  ######## ########     ###     ######  ########
     ##        ##  ##     ## ##       ##     ##  ##   ##  ##       ##
     ######    ##  ########  ######   ########  #########  ######  ######
     ##        ##  ##    ##  ##       ##     ## ##     ##       ## ##
     ##       #### ##     ## ######## ########  ##     ##  ######  ########

You're about to initialize a Firebase project in this directory:

  D:\WORK\FREELANCE\OJT\ojt-monitoring-system-app

Before we get started, keep in mind:

  * You are initializing within an existing Firebase project directory

[info] 
=== Project Setup
[info] 
[info] First, let's associate this project directory with a Firebase project.
[info] You can create multiple project aliases by running firebase use --add, 
[info] but for now we'll just set up a default project.
[info] 
[debug] [2025-09-15T12:17:12.018Z] Using project from CLI flag: ojt-ms-app
[debug] [2025-09-15T12:17:12.020Z] Checked if tokens are valid: true, expires at: 1757942148738
[debug] [2025-09-15T12:17:12.021Z] Checked if tokens are valid: true, expires at: 1757942148738
[debug] [2025-09-15T12:17:12.023Z] >>> [apiv2][query] GET https://firebase.googleapis.com/v1beta1/projects/ojt-ms-app [none]
[debug] [2025-09-15T12:17:13.733Z] <<< [apiv2][status] GET https://firebase.googleapis.com/v1beta1/projects/ojt-ms-app 200
[debug] [2025-09-15T12:17:13.734Z] <<< [apiv2][body] GET https://firebase.googleapis.com/v1beta1/projects/ojt-ms-app {"projectId":"ojt-ms-app","projectNumber":"746880511742","displayName":"ojt-ms-app","name":"projects/ojt-ms-app","resources":{"hostingSite":"ojt-ms-app"},"state":"ACTIVE","etag":"1_ae415724-d355-47c2-97d9-4b62a4087460"}
[info] i  Using project ojt-ms-app (ojt-ms-app) 
[info] 
=== Hosting Setup
[debug] [2025-09-15T12:17:13.747Z] Checked if tokens are valid: true, expires at: 1757942148738
[debug] [2025-09-15T12:17:13.747Z] Checked if tokens are valid: true, expires at: 1757942148738
[debug] [2025-09-15T12:17:13.747Z] >>> [apiv2][query] GET https://firebase.googleapis.com/v1beta1/projects/ojt-ms-app [none]
[debug] [2025-09-15T12:17:14.329Z] <<< [apiv2][status] GET https://firebase.googleapis.com/v1beta1/projects/ojt-ms-app 200
[debug] [2025-09-15T12:17:14.330Z] <<< [apiv2][body] GET https://firebase.googleapis.com/v1beta1/projects/ojt-ms-app {"projectId":"ojt-ms-app","projectNumber":"746880511742","displayName":"ojt-ms-app","name":"projects/ojt-ms-app","resources":{"hostingSite":"ojt-ms-app"},"state":"ACTIVE","etag":"1_ae415724-d355-47c2-97d9-4b62a4087460"}
[info] 
[info] Your public directory is the folder (relative to your project directory) that
[info] will contain Hosting assets to be uploaded with firebase deploy. If you
[info] have a build process for your assets, use your build's output directory.
[info] 
[debug] [2025-09-15T12:17:34.293Z] >>> [apiv2][query] GET https://www.gstatic.com/firebasejs/releases.json [none]
[debug] [2025-09-15T12:17:34.813Z] <<< [apiv2][status] GET https://www.gstatic.com/firebasejs/releases.json 200
[debug] [2025-09-15T12:17:34.813Z] <<< [apiv2][body] GET https://www.gstatic.com/firebasejs/releases.json {"current":{"version":"12.2.1","browserURL":"https://www.gstatic.com/firebasejs/12.2.1/firebase.js","packageURL":"https://www.gstatic.com/firebasejs/12.2.1/firebase.tgz"},"live":{"version":"12.2","browserURL":"https://www.gstatic.com/firebasejs/live/12.2/firebase.js","packageURL":"https://www.gstatic.com/firebasejs/live/12.2/firebase.tgz"},"components":{"ai":"https://www.gstatic.com/firebasejs/12.2.1/firebase-ai.js","analytics":"https://www.gstatic.com/firebasejs/12.2.1/firebase-analytics.js","app":"https://www.gstatic.com/firebasejs/12.2.1/firebase-app.js","app-check":"https://www.gstatic.com/firebasejs/12.2.1/firebase-app-check.js","auth":"https://www.gstatic.com/firebasejs/12.2.1/firebase-auth.js","auth/cordova":"https://www.gstatic.com/firebasejs/12.2.1/firebase-auth/cordova.js","auth/web-extension":"https://www.gstatic.com/firebasejs/12.2.1/firebase-auth/web-extension.js","functions":"https://www.gstatic.com/firebasejs/12.2.1/firebase-functions.js","firestore":"https://www.gstatic.com/firebasejs/12.2.1/firebase-firestore.js","firestore/lite":"https://www.gstatic.com/firebasejs/12.2.1/firebase-firestore/lite.js","installations":"https://www.gstatic.com/firebasejs/12.2.1/firebase-installations.js","storage":"https://www.gstatic.com/firebasejs/12.2.1/firebase-storage.js","performance":"https://www.gstatic.com/firebasejs/12.2.1/firebase-performance.js","remote-config":"https://www.gstatic.com/firebasejs/12.2.1/firebase-remote-config.js","messaging":"https://www.gstatic.com/firebasejs/12.2.1/firebase-messaging.js","messaging/sw":"https://www.gstatic.com/firebasejs/12.2.1/firebase-messaging/sw.js","database":"https://www.gstatic.com/firebasejs/12.2.1/firebase-database.js","data-connect":"https://www.gstatic.com/firebasejs/12.2.1/firebase-data-connect.js","firestore.memory":"https://www.gstatic.com/firebasejs/12.2.1/firebase-firestore.memory.js"}}
[info] +  Wrote build/client/index.html 
[info] 
[info] i  Detected a .git folder at D:\WORK\FREELANCE\OJT\ojt-monitoring-system-app 
[info] i  Authorizing with GitHub to upload your service account to a GitHub repository's secrets store. 
[info] 
[info] Visit this URL on this device to log in:
[info] https://github.com/login/oauth/authorize?client_id=89cf50f02ac6aaed3484&state=640692865&redirect_uri=http%3A%2F%2Flocalhost%3A9005&scope=read%3Auser%20repo%20public_repo
[info] 
[info] Waiting for authentication...
[debug] [2025-09-15T12:17:36.863Z] >>> [apiv2][query] POST https://github.com/login/oauth/access_token [none]
[debug] [2025-09-15T12:17:36.863Z] >>> [apiv2][body] POST https://github.com/login/oauth/access_token [stream]
[debug] [2025-09-15T12:17:38.150Z] <<< [apiv2][status] POST https://github.com/login/oauth/access_token 200
[debug] [2025-09-15T12:17:38.150Z] <<< [apiv2][body] POST https://github.com/login/oauth/access_token {"access_token":"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","token_type":"bearer","scope":"read:user,repo"}
[debug] [2025-09-15T12:17:38.162Z] >>> [apiv2][query] GET https://api.github.com/user [none]
[debug] [2025-09-15T12:17:39.600Z] <<< [apiv2][status] GET https://api.github.com/user 200
[debug] [2025-09-15T12:17:39.601Z] <<< [apiv2][body] GET https://api.github.com/user {"login":"kganallinone","id":86733485,"node_id":"MDQ6VXNlcjg2NzMzNDg1","avatar_url":"https://avatars.githubusercontent.com/u/86733485?v=4","gravatar_id":"","url":"https://api.github.com/users/kganallinone","html_url":"https://github.com/kganallinone","followers_url":"https://api.github.com/users/kganallinone/followers","following_url":"https://api.github.com/users/kganallinone/following{/other_user}","gists_url":"https://api.github.com/users/kganallinone/gists{/gist_id}","starred_url":"https://api.github.com/users/kganallinone/starred{/owner}{/repo}","subscriptions_url":"https://api.github.com/users/kganallinone/subscriptions","organizations_url":"https://api.github.com/users/kganallinone/orgs","repos_url":"https://api.github.com/users/kganallinone/repos","events_url":"https://api.github.com/users/kganallinone/events{/privacy}","received_events_url":"https://api.github.com/users/kganallinone/received_events","type":"User","user_view_type":"private","site_admin":false,"name":"K G A N","company":"KGAN Tech","blog":"https://kgan-tech.web.app","location":"Quezon, Province","email":null,"hireable":null,"bio":"Technology Developer","twitter_username":"kganallinone","notification_email":null,"public_repos":18,"public_gists":0,"followers":19,"following":16,"created_at":"2021-06-30T15:32:18Z","updated_at":"2025-09-02T10:24:10Z","private_gists":0,"total_private_repos":53,"owned_private_repos":53,"disk_usage":938682,"collaborators":17,"two_factor_authentication":true,"plan":{"name":"free","space":976562499,"collaborators":0,"private_repos":10000}}
[info] 
[info] +  Success! Logged into GitHub as kganallinone 
[info] 
[debug] [2025-09-15T12:17:54.007Z] >>> [apiv2][query] GET https://api.github.com/repos/ojtmonitoringsystemph/ojt-monitoring-system-api/actions/secrets/public-key type=owner
[debug] [2025-09-15T12:17:55.801Z] <<< [apiv2][status] GET https://api.github.com/repos/ojtmonitoringsystemph/ojt-monitoring-system-api/actions/secrets/public-key 200
[debug] [2025-09-15T12:17:55.801Z] <<< [apiv2][body] GET https://api.github.com/repos/ojtmonitoringsystemph/ojt-monitoring-system-api/actions/secrets/public-key {"key_id":"3380204578043523366","key":"7VSuJhr/WgEF2nvcMz1gbFmSiaS4wwdJOx3hScDIG1s="}
[debug] [2025-09-15T12:17:55.805Z] >>> [apiv2][query] GET https://api.github.com/repos/ojtmonitoringsystemph/ojt-monitoring-system-api [none]
[debug] [2025-09-15T12:17:56.660Z] <<< [apiv2][status] GET https://api.github.com/repos/ojtmonitoringsystemph/ojt-monitoring-system-api 200
[debug] [2025-09-15T12:17:56.660Z] <<< [apiv2][body] GET https://api.github.com/repos/ojtmonitoringsystemph/ojt-monitoring-system-api {"id":1042745291,"node_id":"R_kgDOPicHyw","name":"ojt-monitoring-system-api","full_name":"ojtmonitoringsystemph/ojt-monitoring-system-api","private":false,"owner":{"login":"ojtmonitoringsystemph","id":228028445,"node_id":"U_kgDODZdwHQ","avatar_url":"https://avatars.githubusercontent.com/u/228028445?v=4","gravatar_id":"","url":"https://api.github.com/users/ojtmonitoringsystemph","html_url":"https://github.com/ojtmonitoringsystemph","followers_url":"https://api.github.com/users/ojtmonitoringsystemph/followers","following_url":"https://api.github.com/users/ojtmonitoringsystemph/following{/other_user}","gists_url":"https://api.github.com/users/ojtmonitoringsystemph/gists{/gist_id}","starred_url":"https://api.github.com/users/ojtmonitoringsystemph/starred{/owner}{/repo}","subscriptions_url":"https://api.github.com/users/ojtmonitoringsystemph/subscriptions","organizations_url":"https://api.github.com/users/ojtmonitoringsystemph/orgs","repos_url":"https://api.github.com/users/ojtmonitoringsystemph/repos","events_url":"https://api.github.com/users/ojtmonitoringsystemph/events{/privacy}","received_events_url":"https://api.github.com/users/ojtmonitoringsystemph/received_events","type":"User","user_view_type":"public","site_admin":false},"html_url":"https://github.com/ojtmonitoringsystemph/ojt-monitoring-system-api","description":null,"fork":false,"url":"https://api.github.com/repos/ojtmonitoringsystemph/ojt-monitoring-system-api","forks_url":"https://api.github.com/repos/ojtmonitoringsystemph/ojt-monitoring-system-api/forks","keys_url":"https://api.github.com/repos/ojtmonitoringsystemph/ojt-monitoring-system-api/keys{/key_id}","collaborators_url":"https://api.github.com/repos/ojtmonitoringsystemph/ojt-monitoring-system-api/collaborators{/collaborator}","teams_url":"https://api.github.com/repos/ojtmonitoringsystemph/ojt-monitoring-system-api/teams","hooks_url":"https://api.github.com/repos/ojtmonitoringsystemph/ojt-monitoring-system-api/hooks","issue_events_url":"https://api.github.com/repos/ojtmonitoringsystemph/ojt-monitoring-system-api/issues/events{/number}","events_url":"https://api.github.com/repos/ojtmonitoringsystemph/ojt-monitoring-system-api/events","assignees_url":"https://api.github.com/repos/ojtmonitoringsystemph/ojt-monitoring-system-api/assignees{/user}","branches_url":"https://api.github.com/repos/ojtmonitoringsystemph/ojt-monitoring-system-api/branches{/branch}","tags_url":"https://api.github.com/repos/ojtmonitoringsystemph/ojt-monitoring-system-api/tags","blobs_url":"https://api.github.com/repos/ojtmonitoringsystemph/ojt-monitoring-system-api/git/blobs{/sha}","git_tags_url":"https://api.github.com/repos/ojtmonitoringsystemph/ojt-monitoring-system-api/git/tags{/sha}","git_refs_url":"https://api.github.com/repos/ojtmonitoringsystemph/ojt-monitoring-system-api/git/refs{/sha}","trees_url":"https://api.github.com/repos/ojtmonitoringsystemph/ojt-monitoring-system-api/git/trees{/sha}","statuses_url":"https://api.github.com/repos/ojtmonitoringsystemph/ojt-monitoring-system-api/statuses/{sha}","languages_url":"https://api.github.com/repos/ojtmonitoringsystemph/ojt-monitoring-system-api/languages","stargazers_url":"https://api.github.com/repos/ojtmonitoringsystemph/ojt-monitoring-system-api/stargazers","contributors_url":"https://api.github.com/repos/ojtmonitoringsystemph/ojt-monitoring-system-api/contributors","subscribers_url":"https://api.github.com/repos/ojtmonitoringsystemph/ojt-monitoring-system-api/subscribers","subscription_url":"https://api.github.com/repos/ojtmonitoringsystemph/ojt-monitoring-system-api/subscription","commits_url":"https://api.github.com/repos/ojtmonitoringsystemph/ojt-monitoring-system-api/commits{/sha}","git_commits_url":"https://api.github.com/repos/ojtmonitoringsystemph/ojt-monitoring-system-api/git/commits{/sha}","comments_url":"https://api.github.com/repos/ojtmonitoringsystemph/ojt-monitoring-system-api/comments{/number}","issue_comment_url":"https://api.github.com/repos/ojtmonitoringsystemph/ojt-monitoring-system-api/issues/comments{/number}","contents_url":"https://api.github.com/repos/ojtmonitoringsystemph/ojt-monitoring-system-api/contents/{+path}","compare_url":"https://api.github.com/repos/ojtmonitoringsystemph/ojt-monitoring-system-api/compare/{base}...{head}","merges_url":"https://api.github.com/repos/ojtmonitoringsystemph/ojt-monitoring-system-api/merges","archive_url":"https://api.github.com/repos/ojtmonitoringsystemph/ojt-monitoring-system-api/{archive_format}{/ref}","downloads_url":"https://api.github.com/repos/ojtmonitoringsystemph/ojt-monitoring-system-api/downloads","issues_url":"https://api.github.com/repos/ojtmonitoringsystemph/ojt-monitoring-system-api/issues{/number}","pulls_url":"https://api.github.com/repos/ojtmonitoringsystemph/ojt-monitoring-system-api/pulls{/number}","milestones_url":"https://api.github.com/repos/ojtmonitoringsystemph/ojt-monitoring-system-api/milestones{/number}","notifications_url":"https://api.github.com/repos/ojtmonitoringsystemph/ojt-monitoring-system-api/notifications{?since,all,participating}","labels_url":"https://api.github.com/repos/ojtmonitoringsystemph/ojt-monitoring-system-api/labels{/name}","releases_url":"https://api.github.com/repos/ojtmonitoringsystemph/ojt-monitoring-system-api/releases{/id}","deployments_url":"https://api.github.com/repos/ojtmonitoringsystemph/ojt-monitoring-system-api/deployments","created_at":"2025-08-22T14:02:41Z","updated_at":"2025-08-24T08:20:38Z","pushed_at":"2025-08-24T08:20:35Z","git_url":"git://github.com/ojtmonitoringsystemph/ojt-monitoring-system-api.git","ssh_url":"git@github.com:ojtmonitoringsystemph/ojt-monitoring-system-api.git","clone_url":"https://github.com/ojtmonitoringsystemph/ojt-monitoring-system-api.git","svn_url":"https://github.com/ojtmonitoringsystemph/ojt-monitoring-system-api","homepage":null,"size":105,"stargazers_count":0,"watchers_count":0,"language":"TypeScript","has_issues":true,"has_projects":true,"has_downloads":true,"has_wiki":true,"has_pages":false,"has_discussions":false,"forks_count":0,"mirror_url":null,"archived":false,"disabled":false,"open_issues_count":0,"license":{"key":"gpl-3.0","name":"GNU General Public License v3.0","spdx_id":"GPL-3.0","url":"https://api.github.com/licenses/gpl-3.0","node_id":"MDc6TGljZW5zZTk="},"allow_forking":true,"is_template":false,"web_commit_signoff_required":false,"topics":[],"visibility":"public","forks":0,"open_issues":0,"watchers":0,"default_branch":"develop","permissions":{"admin":false,"maintain":false,"push":true,"triage":true,"pull":true},"temp_clone_token":"","allow_squash_merge":true,"allow_merge_commit":true,"allow_rebase_merge":true,"allow_auto_merge":false,"delete_branch_on_merge":false,"allow_update_branch":false,"use_squash_pr_title_as_default":false,"squash_merge_commit_message":"COMMIT_MESSAGES","squash_merge_commit_title":"COMMIT_OR_PR_TITLE","merge_commit_message":"PR_TITLE","merge_commit_title":"MERGE_MESSAGE","network_count":0,"subscribers_count":0}
[debug] [2025-09-15T12:17:56.664Z] Checked if tokens are valid: true, expires at: 1757942148738
[debug] [2025-09-15T12:17:56.664Z] Checked if tokens are valid: true, expires at: 1757942148738
[debug] [2025-09-15T12:17:56.664Z] >>> [apiv2][query] POST https://iam.googleapis.com/v1/projects/ojt-ms-app/serviceAccounts [none]
[debug] [2025-09-15T12:17:56.664Z] >>> [apiv2][body] POST https://iam.googleapis.com/v1/projects/ojt-ms-app/serviceAccounts {"accountId":"github-action-1042745291","serviceAccount":{"displayName":"GitHub Actions (ojtmonitoringsystemph/ojt-monitoring-system-api)","description":"A service account with permission to deploy to Firebase Hosting and Cloud Functions for the GitHub repository ojtmonitoringsystemph/ojt-monitoring-system-api"}}
[debug] [2025-09-15T12:18:09.551Z] ----------------------------------------------------------------------
[debug] [2025-09-15T12:18:09.554Z] Command:       C:\Program Files\nodejs\node.exe C:\Users\KGAN\AppData\Roaming\npm\node_modules\firebase-tools\lib\bin\firebase.js init hosting
[debug] [2025-09-15T12:18:09.554Z] CLI Version:   14.7.0
[debug] [2025-09-15T12:18:09.554Z] Platform:      win32
[debug] [2025-09-15T12:18:09.555Z] Node Version:  v22.14.0
[debug] [2025-09-15T12:18:09.555Z] Time:          Mon Sep 15 2025 20:18:09 GMT+0800 (Philippine Standard Time)
[debug] [2025-09-15T12:18:09.555Z] ----------------------------------------------------------------------
[debug] 
[debug] [2025-09-15T12:18:09.794Z] > command requires scopes: ["email","openid","https://www.googleapis.com/auth/cloudplatformprojects.readonly","https://www.googleapis.com/auth/firebase","https://www.googleapis.com/auth/cloud-platform"]
[debug] [2025-09-15T12:18:09.795Z] > authorizing via signed-in user (kent.gabriel.alba.nuite@gmail.com)
[info] 
     ######## #### ########  ######## ########     ###     ######  ########
     ##        ##  ##     ## ##       ##     ##  ##   ##  ##       ##
     ######    ##  ########  ######   ########  #########  ######  ######
     ##        ##  ##    ##  ##       ##     ## ##     ##       ## ##
     ##       #### ##     ## ######## ########  ##     ##  ######  ########

You're about to initialize a Firebase project in this directory:

  D:\WORK\FREELANCE\OJT\ojt-monitoring-system-app

Before we get started, keep in mind:

  * You are initializing within an existing Firebase project directory

[info] 
=== Project Setup
[info] 
[info] First, let's associate this project directory with a Firebase project.
[info] You can create multiple project aliases by running firebase use --add, 
[info] but for now we'll just set up a default project.
[info] 
[debug] [2025-09-15T12:18:19.686Z] Using project from CLI flag: ojt-ms-app
[debug] [2025-09-15T12:18:19.688Z] Checked if tokens are valid: true, expires at: 1757942148738
[debug] [2025-09-15T12:18:19.689Z] Checked if tokens are valid: true, expires at: 1757942148738
[debug] [2025-09-15T12:18:19.693Z] >>> [apiv2][query] GET https://firebase.googleapis.com/v1beta1/projects/ojt-ms-app [none]
[debug] [2025-09-15T12:18:20.543Z] <<< [apiv2][status] GET https://firebase.googleapis.com/v1beta1/projects/ojt-ms-app 200
[debug] [2025-09-15T12:18:20.545Z] <<< [apiv2][body] GET https://firebase.googleapis.com/v1beta1/projects/ojt-ms-app {"projectId":"ojt-ms-app","projectNumber":"746880511742","displayName":"ojt-ms-app","name":"projects/ojt-ms-app","resources":{"hostingSite":"ojt-ms-app"},"state":"ACTIVE","etag":"1_ae415724-d355-47c2-97d9-4b62a4087460"}
[info] i  Using project ojt-ms-app (ojt-ms-app) 
[info] 
=== Hosting Setup
[debug] [2025-09-15T12:18:20.571Z] Checked if tokens are valid: true, expires at: 1757942148738
[debug] [2025-09-15T12:18:20.571Z] Checked if tokens are valid: true, expires at: 1757942148738
[debug] [2025-09-15T12:18:20.572Z] >>> [apiv2][query] GET https://firebase.googleapis.com/v1beta1/projects/ojt-ms-app [none]
[debug] [2025-09-15T12:18:20.954Z] <<< [apiv2][status] GET https://firebase.googleapis.com/v1beta1/projects/ojt-ms-app 200
[debug] [2025-09-15T12:18:20.955Z] <<< [apiv2][body] GET https://firebase.googleapis.com/v1beta1/projects/ojt-ms-app {"projectId":"ojt-ms-app","projectNumber":"746880511742","displayName":"ojt-ms-app","name":"projects/ojt-ms-app","resources":{"hostingSite":"ojt-ms-app"},"state":"ACTIVE","etag":"1_ae415724-d355-47c2-97d9-4b62a4087460"}
[info] 
[info] Your public directory is the folder (relative to your project directory) that
[info] will contain Hosting assets to be uploaded with firebase deploy. If you
[info] have a build process for your assets, use your build's output directory.
[info] 
[debug] [2025-09-15T12:19:07.723Z] >>> [apiv2][query] GET https://www.gstatic.com/firebasejs/releases.json [none]
[debug] [2025-09-15T12:19:08.476Z] <<< [apiv2][status] GET https://www.gstatic.com/firebasejs/releases.json 200
[debug] [2025-09-15T12:19:08.477Z] <<< [apiv2][body] GET https://www.gstatic.com/firebasejs/releases.json {"current":{"version":"12.2.1","browserURL":"https://www.gstatic.com/firebasejs/12.2.1/firebase.js","packageURL":"https://www.gstatic.com/firebasejs/12.2.1/firebase.tgz"},"live":{"version":"12.2","browserURL":"https://www.gstatic.com/firebasejs/live/12.2/firebase.js","packageURL":"https://www.gstatic.com/firebasejs/live/12.2/firebase.tgz"},"components":{"ai":"https://www.gstatic.com/firebasejs/12.2.1/firebase-ai.js","analytics":"https://www.gstatic.com/firebasejs/12.2.1/firebase-analytics.js","app":"https://www.gstatic.com/firebasejs/12.2.1/firebase-app.js","app-check":"https://www.gstatic.com/firebasejs/12.2.1/firebase-app-check.js","auth":"https://www.gstatic.com/firebasejs/12.2.1/firebase-auth.js","auth/cordova":"https://www.gstatic.com/firebasejs/12.2.1/firebase-auth/cordova.js","auth/web-extension":"https://www.gstatic.com/firebasejs/12.2.1/firebase-auth/web-extension.js","functions":"https://www.gstatic.com/firebasejs/12.2.1/firebase-functions.js","firestore":"https://www.gstatic.com/firebasejs/12.2.1/firebase-firestore.js","firestore/lite":"https://www.gstatic.com/firebasejs/12.2.1/firebase-firestore/lite.js","installations":"https://www.gstatic.com/firebasejs/12.2.1/firebase-installations.js","storage":"https://www.gstatic.com/firebasejs/12.2.1/firebase-storage.js","performance":"https://www.gstatic.com/firebasejs/12.2.1/firebase-performance.js","remote-config":"https://www.gstatic.com/firebasejs/12.2.1/firebase-remote-config.js","messaging":"https://www.gstatic.com/firebasejs/12.2.1/firebase-messaging.js","messaging/sw":"https://www.gstatic.com/firebasejs/12.2.1/firebase-messaging/sw.js","database":"https://www.gstatic.com/firebasejs/12.2.1/firebase-database.js","data-connect":"https://www.gstatic.com/firebasejs/12.2.1/firebase-data-connect.js","firestore.memory":"https://www.gstatic.com/firebasejs/12.2.1/firebase-firestore.memory.js"}}
[info] i  build/client/index.html is unchanged 
[info] 
[info] i  Detected a .git folder at D:\WORK\FREELANCE\OJT\ojt-monitoring-system-app 
[info] i  Authorizing with GitHub to upload your service account to a GitHub repository's secrets store. 
[info] 
[info] Visit this URL on this device to log in:
[info] https://github.com/login/oauth/authorize?client_id=89cf50f02ac6aaed3484&state=155831453&redirect_uri=http%3A%2F%2Flocalhost%3A9005&scope=read%3Auser%20repo%20public_repo
[info] 
[info] Waiting for authentication...
[debug] [2025-09-15T12:19:10.075Z] >>> [apiv2][query] POST https://github.com/login/oauth/access_token [none]
[debug] [2025-09-15T12:19:10.075Z] >>> [apiv2][body] POST https://github.com/login/oauth/access_token [stream]
[debug] [2025-09-15T12:19:10.749Z] <<< [apiv2][status] POST https://github.com/login/oauth/access_token 200
[debug] [2025-09-15T12:19:10.750Z] <<< [apiv2][body] POST https://github.com/login/oauth/access_token {"access_token":"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","token_type":"bearer","scope":"read:user,repo"}
[debug] [2025-09-15T12:19:10.761Z] >>> [apiv2][query] GET https://api.github.com/user [none]
[debug] [2025-09-15T12:19:11.475Z] <<< [apiv2][status] GET https://api.github.com/user 200
[debug] [2025-09-15T12:19:11.475Z] <<< [apiv2][body] GET https://api.github.com/user {"login":"kganallinone","id":86733485,"node_id":"MDQ6VXNlcjg2NzMzNDg1","avatar_url":"https://avatars.githubusercontent.com/u/86733485?v=4","gravatar_id":"","url":"https://api.github.com/users/kganallinone","html_url":"https://github.com/kganallinone","followers_url":"https://api.github.com/users/kganallinone/followers","following_url":"https://api.github.com/users/kganallinone/following{/other_user}","gists_url":"https://api.github.com/users/kganallinone/gists{/gist_id}","starred_url":"https://api.github.com/users/kganallinone/starred{/owner}{/repo}","subscriptions_url":"https://api.github.com/users/kganallinone/subscriptions","organizations_url":"https://api.github.com/users/kganallinone/orgs","repos_url":"https://api.github.com/users/kganallinone/repos","events_url":"https://api.github.com/users/kganallinone/events{/privacy}","received_events_url":"https://api.github.com/users/kganallinone/received_events","type":"User","user_view_type":"private","site_admin":false,"name":"K G A N","company":"KGAN Tech","blog":"https://kgan-tech.web.app","location":"Quezon, Province","email":null,"hireable":null,"bio":"Technology Developer","twitter_username":"kganallinone","notification_email":null,"public_repos":18,"public_gists":0,"followers":19,"following":16,"created_at":"2021-06-30T15:32:18Z","updated_at":"2025-09-02T10:24:10Z","private_gists":0,"total_private_repos":53,"owned_private_repos":53,"disk_usage":938682,"collaborators":17,"two_factor_authentication":true,"plan":{"name":"free","space":976562499,"collaborators":0,"private_repos":10000}}
[info] 
[info] +  Success! Logged into GitHub as kganallinone 
[info] 
